# JRE version: OpenJDK Runtime Environment (17.0.10) (build 17.0.10+0--11572160)
# Java VM: OpenJDK 64-Bit Server VM (17.0.10+0--11572160, mixed mode, tiered, compressed oops, compressed class ptrs, g1 gc, windows-amd64)
GC Precious Log:
 CPUs: 8 total, 8 available
 Memory: 16167M
 Large Page Support: Disabled
 NUMA Support: Disabled
 Compressed Oops: Enabled (32-bit)
 Heap Region Size: 1M
 Heap Min Capacity: 8M
 Heap Initial Capacity: 254M
 Heap Max Capacity: 2G
 Pre-touch: Disabled
 Parallel Workers: 8
 Concurrent Workers: 2
 Concurrent Refinement Workers: 8
 Periodic GC: Disabled
Heap:
 garbage-first heap   total 522240K, used 128209K [0x0000000080000000, 0x0000000100000000)
  region size 1024K, 5 young (5120K), 5 survivors (5120K)
 Metaspace       used 156616K, committed 158336K, reserved 1245184K
  class space    used 21037K, committed 21824K, reserved 1048576K
GC Heap History (20 events):
Event: 8342.000 GC heap after
{Heap after GC invocations=111 (full 0):
 garbage-first heap   total 522240K, used 138138K [0x0000000080000000, 0x0000000100000000)
  region size 1024K, 3 young (3072K), 3 survivors (3072K)
 Metaspace       used 149119K, committed 151424K, reserved 1179648K
  class space    used 20229K, committed 21312K, reserved 1048576K
}
Event: 8342.200 GC heap before
{Heap before GC invocations=111 (full 0):
 garbage-first heap   total 522240K, used 238490K [0x0000000080000000, 0x0000000100000000)
  region size 1024K, 103 young (105472K), 3 survivors (3072K)
 Metaspace       used 149250K, committed 151488K, reserved 1179648K
  class space    used 20231K, committed 21312K, reserved 1048576K
}
Event: 8342.205 GC heap after
{Heap after GC invocations=112 (full 0):
 garbage-first heap   total 522240K, used 139136K [0x0000000080000000, 0x0000000100000000)
  region size 1024K, 4 young (4096K), 4 survivors (4096K)
 Metaspace       used 149250K, committed 151488K, reserved 1179648K
  class space    used 20231K, committed 21312K, reserved 1048576K
}
Event: 8344.580 GC heap before
{Heap before GC invocations=113 (full 0):
 garbage-first heap   total 522240K, used 406400K [0x0000000080000000, 0x0000000100000000)
  region size 1024K, 262 young (268288K), 4 survivors (4096K)
 Metaspace       used 149825K, committed 151680K, reserved 1245184K
  class space    used 20298K, committed 21312K, reserved 1048576K
}
Event: 8344.586 GC heap after
{Heap after GC invocations=114 (full 0):
 garbage-first heap   total 522240K, used 138710K [0x0000000080000000, 0x0000000100000000)
  region size 1024K, 4 young (4096K), 4 survivors (4096K)
 Metaspace       used 149825K, committed 151680K, reserved 1245184K
  class space    used 20298K, committed 21312K, reserved 1048576K
}
Event: 8344.735 GC heap before
{Heap before GC invocations=114 (full 0):
 garbage-first heap   total 522240K, used 178646K [0x0000000080000000, 0x0000000100000000)
  region size 1024K, 26 young (26624K), 4 survivors (4096K)
 Metaspace       used 149933K, committed 151872K, reserved 1245184K
  class space    used 20305K, committed 21312K, reserved 1048576K
}
Event: 8344.743 GC heap after
{Heap after GC invocations=115 (full 0):
 garbage-first heap   total 522240K, used 152808K [0x0000000080000000, 0x0000000100000000)
  region size 1024K, 2 young (2048K), 2 survivors (2048K)
 Metaspace       used 149933K, committed 151872K, reserved 1245184K
  class space    used 20305K, committed 21312K, reserved 1048576K
}
Event: 8344.785 GC heap before
{Heap before GC invocations=115 (full 0):
 garbage-first heap   total 522240K, used 157928K [0x0000000080000000, 0x0000000100000000)
  region size 1024K, 8 young (8192K), 2 survivors (2048K)
 Metaspace       used 149940K, committed 151872K, reserved 1245184K
  class space    used 20305K, committed 21312K, reserved 1048576K
}
Event: 8344.788 GC heap after
{Heap after GC invocations=116 (full 0):
 garbage-first heap   total 522240K, used 150808K [0x0000000080000000, 0x0000000100000000)
  region size 1024K, 1 young (1024K), 1 survivors (1024K)
 Metaspace       used 149940K, committed 151872K, reserved 1245184K
  class space    used 20305K, committed 21312K, reserved 1048576K
}
Event: 16924.426 GC heap before
{Heap before GC invocations=117 (full 0):
 garbage-first heap   total 522240K, used 428312K [0x0000000080000000, 0x0000000100000000)
  region size 1024K, 250 young (256000K), 1 survivors (1024K)
 Metaspace       used 150560K, committed 152448K, reserved 1245184K
  class space    used 20386K, committed 21312K, reserved 1048576K
}
Event: 16924.469 GC heap after
{Heap after GC invocations=118 (full 0):
 garbage-first heap   total 522240K, used 137103K [0x0000000080000000, 0x0000000100000000)
  region size 1024K, 10 young (10240K), 10 survivors (10240K)
 Metaspace       used 150560K, committed 152448K, reserved 1245184K
  class space    used 20386K, committed 21312K, reserved 1048576K
}
Event: 16924.974 GC heap before
{Heap before GC invocations=118 (full 0):
 garbage-first heap   total 522240K, used 154511K [0x0000000080000000, 0x0000000100000000)
  region size 1024K, 25 young (25600K), 10 survivors (10240K)
 Metaspace       used 150765K, committed 152640K, reserved 1245184K
  class space    used 20404K, committed 21312K, reserved 1048576K
}
Event: 16925.009 GC heap after
{Heap after GC invocations=119 (full 0):
 garbage-first heap   total 522240K, used 134318K [0x0000000080000000, 0x0000000100000000)
  region size 1024K, 4 young (4096K), 4 survivors (4096K)
 Metaspace       used 150765K, committed 152640K, reserved 1245184K
  class space    used 20404K, committed 21312K, reserved 1048576K
}
Event: 16927.057 GC heap before
{Heap before GC invocations=119 (full 0):
 garbage-first heap   total 522240K, used 193710K [0x0000000080000000, 0x0000000100000000)
  region size 1024K, 63 young (64512K), 4 survivors (4096K)
 Metaspace       used 153951K, committed 155776K, reserved 1245184K
  class space    used 20803K, committed 21696K, reserved 1048576K
}
Event: 16927.097 GC heap after
{Heap after GC invocations=120 (full 0):
 garbage-first heap   total 522240K, used 153110K [0x0000000080000000, 0x0000000100000000)
  region size 1024K, 25 young (25600K), 25 survivors (25600K)
 Metaspace       used 153951K, committed 155776K, reserved 1245184K
  class space    used 20803K, committed 21696K, reserved 1048576K
}
Event: 16938.239 GC heap before
{Heap before GC invocations=121 (full 0):
 garbage-first heap   total 522240K, used 350742K [0x0000000080000000, 0x0000000100000000)
  region size 1024K, 203 young (207872K), 25 survivors (25600K)
 Metaspace       used 156603K, committed 158336K, reserved 1245184K
  class space    used 21037K, committed 21824K, reserved 1048576K
}
Event: 16938.262 GC heap after
{Heap after GC invocations=122 (full 0):
 garbage-first heap   total 522240K, used 140239K [0x0000000080000000, 0x0000000100000000)
  region size 1024K, 11 young (11264K), 11 survivors (11264K)
 Metaspace       used 156603K, committed 158336K, reserved 1245184K
  class space    used 21037K, committed 21824K, reserved 1048576K
}
Event: 16938.404 GC heap before
{Heap before GC invocations=122 (full 0):
 garbage-first heap   total 522240K, used 153551K [0x0000000080000000, 0x0000000100000000)
  region size 1024K, 25 young (25600K), 11 survivors (11264K)
 Metaspace       used 156616K, committed 158336K, reserved 1245184K
  class space    used 21037K, committed 21824K, reserved 1048576K
}
Event: 16938.426 GC heap after
{Heap after GC invocations=123 (full 0):
 garbage-first heap   total 522240K, used 127583K [0x0000000080000000, 0x0000000100000000)
  region size 1024K, 4 young (4096K), 4 survivors (4096K)
 Metaspace       used 156616K, committed 158336K, reserved 1245184K
  class space    used 21037K, committed 21824K, reserved 1048576K
}
Event: 16938.462 GC heap before
{Heap before GC invocations=123 (full 0):
 garbage-first heap   total 522240K, used 132703K [0x0000000080000000, 0x0000000100000000)
  region size 1024K, 10 young (10240K), 4 survivors (4096K)
 Metaspace       used 156616K, committed 158336K, reserved 1245184K
  class space    used 21037K, committed 21824K, reserved 1048576K
}

